#
# There is insufficient memory for the Java Runtime Environment to continue.
# Native memory allocation (malloc) failed to allocate 1165936 bytes for Chunk::new
# Possible reasons:
#   The system is out of physical RAM or swap space
#   The process is running with CompressedOops enabled, and the Java Heap may be blocking the growth of the native heap
# Possible solutions:
#   Reduce memory load on the system
#   Increase physical memory or swap space
#   Check if swap backing store is full
#   Decrease Java heap size (-Xmx/-Xms)
#   Decrease number of Java threads
#   Decrease Java thread stack sizes (-Xss)
#   Set larger code cache with -XX:ReservedCodeCacheSize=
#   JVM is running with Unscaled Compressed Oops mode in which the Java heap is
#     placed in the first 4GB address space. The Java Heap base address is the
#     maximum limit for the native heap growth. Please use -XX:HeapBaseMinAddress
#     to set the Java Heap base and to place the Java Heap above 4GB virtual address.
# This output file may be truncated or incomplete.
#
#  Out of Memory Error (./src/hotspot/share/memory/arena.cpp:197), pid=1640, tid=16200
#
# JRE version: OpenJDK Runtime Environment Zulu11.50+19-CA (11.0.12+7) (build 11.0.12+7-LTS)
# Java VM: OpenJDK 64-Bit Server VM Zulu11.50+19-CA (11.0.12+7-LTS, mixed mode, tiered, compressed oops, g1 gc, windows-amd64)
# No core dump will be written. Minidumps are not enabled by default on client versions of Windows
#

---------------  S U M M A R Y ------------

Command Line: -Dfile.encoding=windows-1252 -Duser.country=BR -Duser.language=pt -Duser.variant com.github.marianabarretto.citiesapi.CitiesApiApplication

Host: Intel(R) Core(TM) i5-2430M CPU @ 2.40GHz, 4 cores, 3G,  Windows 10 , 64 bit Build 19041 (10.0.19041.1151)
Time: Fri Aug 13 18:47:44 2021 Hora oficial do Brasil elapsed time: 21708.545610 seconds (0d 6h 1m 48s)

---------------  T H R E A D  ---------------

Current thread (0x00000211ffc02000):  JavaThread "C2 CompilerThread0" daemon [_thread_in_native, id=16200, stack(0x0000001b26d00000,0x0000001b26e00000)]


Current CompileTask:
C2:21708699 4872   !   4       java.util.concurrent.ThreadPoolExecutor::getTask (177 bytes)

Stack: [0x0000001b26d00000,0x0000001b26e00000]
Native frames: (J=compiled Java code, j=interpreted, Vv=VM code, C=native code)
V  [jvm.dll+0x6083fa]
V  [jvm.dll+0x79200e]
V  [jvm.dll+0x7936df]
V  [jvm.dll+0x793da3]
V  [jvm.dll+0x24f6a8]
V  [jvm.dll+0xc219c]
V  [jvm.dll+0xc275c]
V  [jvm.dll+0x3597d2]
V  [jvm.dll+0x326423]
V  [jvm.dll+0x32575a]
V  [jvm.dll+0x2050b5]
V  [jvm.dll+0x20429d]
V  [jvm.dll+0x18991c]
V  [jvm.dll+0x213907]
V  [jvm.dll+0x211acb]
V  [jvm.dll+0x755ee9]
V  [jvm.dll+0x74ef44]
V  [jvm.dll+0x607296]
C  [ucrtbase.dll+0x21bb2]
C  [KERNEL32.DLL+0x17034]
C  [ntdll.dll+0x52651]


---------------  P R O C E S S  ---------------

Threads class SMR info:
_java_thread_list=0x000002119e9ce070, length=26, elements={
0x00000211ffb6f800, 0x00000211ffb98800, 0x00000211ffbf0800, 0x00000211ffbf1800,
0x00000211ffbf4800, 0x00000211ffc02000, 0x00000211ffc09000, 0x000002119b0c8800,
0x000002119b22a800, 0x000002119c444000, 0x000002119c91f800, 0x000002119b6e9000,
0x000002119c12e000, 0x000002119c0f4800, 0x00000211a033e000, 0x000002119e52f800,
0x000002119f21a000, 0x00000211a03eb800, 0x000002119bb1c000, 0x000002119bb1d000,
0x000002119bb17000, 0x000002119bb1a800, 0x000002119bb1b000, 0x000002119bb1d800,
0x000002119bb18000, 0x000002119bb19000
}

Java Threads: ( => current thread )
  0x00000211ffb6f800 JavaThread "Reference Handler" daemon [_thread_blocked, id=16612, stack(0x0000001b26800000,0x0000001b26900000)]
  0x00000211ffb98800 JavaThread "Finalizer" daemon [_thread_blocked, id=17264, stack(0x0000001b26900000,0x0000001b26a00000)]
  0x00000211ffbf0800 JavaThread "Signal Dispatcher" daemon [_thread_blocked, id=13096, stack(0x0000001b26a00000,0x0000001b26b00000)]
  0x00000211ffbf1800 JavaThread "Attach Listener" daemon [_thread_blocked, id=240, stack(0x0000001b26b00000,0x0000001b26c00000)]
  0x00000211ffbf4800 JavaThread "Service Thread" daemon [_thread_blocked, id=8960, stack(0x0000001b26c00000,0x0000001b26d00000)]
=>0x00000211ffc02000 JavaThread "C2 CompilerThread0" daemon [_thread_in_native, id=16200, stack(0x0000001b26d00000,0x0000001b26e00000)]
  0x00000211ffc09000 JavaThread "C1 CompilerThread0" daemon [_thread_blocked, id=11388, stack(0x0000001b26e00000,0x0000001b26f00000)]
  0x000002119b0c8800 JavaThread "Sweeper thread" daemon [_thread_blocked, id=15668, stack(0x0000001b26f00000,0x0000001b27000000)]
  0x000002119b22a800 JavaThread "Common-Cleaner" daemon [_thread_blocked, id=15248, stack(0x0000001b27100000,0x0000001b27200000)]
  0x000002119c444000 JavaThread "Catalina-utility-1" [_thread_blocked, id=7352, stack(0x0000001b27700000,0x0000001b27800000)]
  0x000002119c91f800 JavaThread "Catalina-utility-2" [_thread_blocked, id=16284, stack(0x0000001b27800000,0x0000001b27900000)]
  0x000002119b6e9000 JavaThread "container-0" [_thread_blocked, id=4520, stack(0x0000001b27900000,0x0000001b27a00000)]
  0x000002119c12e000 JavaThread "HikariPool-1 housekeeper" daemon [_thread_blocked, id=12556, stack(0x0000001b27b00000,0x0000001b27c00000)]
  0x000002119c0f4800 JavaThread "http-nio-8080-exec-1" daemon [_thread_blocked, id=12020, stack(0x0000001b25e00000,0x0000001b25f00000)]
  0x00000211a033e000 JavaThread "http-nio-8080-exec-2" daemon [_thread_blocked, id=17372, stack(0x0000001b26000000,0x0000001b26100000)]
  0x000002119e52f800 JavaThread "http-nio-8080-exec-3" daemon [_thread_blocked, id=13260, stack(0x0000001b27c00000,0x0000001b27d00000)]
  0x000002119f21a000 JavaThread "http-nio-8080-exec-4" daemon [_thread_blocked, id=11308, stack(0x0000001b27d00000,0x0000001b27e00000)]
  0x00000211a03eb800 JavaThread "http-nio-8080-exec-5" daemon [_thread_blocked, id=5544, stack(0x0000001b27e00000,0x0000001b27f00000)]
  0x000002119bb1c000 JavaThread "http-nio-8080-exec-6" daemon [_thread_blocked, id=12292, stack(0x0000001b27f00000,0x0000001b28000000)]
  0x000002119bb1d000 JavaThread "http-nio-8080-exec-7" daemon [_thread_blocked, id=15704, stack(0x0000001b28000000,0x0000001b28100000)]
  0x000002119bb17000 JavaThread "http-nio-8080-exec-8" daemon [_thread_blocked, id=14732, stack(0x0000001b28100000,0x0000001b28200000)]
  0x000002119bb1a800 JavaThread "http-nio-8080-exec-9" daemon [_thread_blocked, id=376, stack(0x0000001b28200000,0x0000001b28300000)]
  0x000002119bb1b000 JavaThread "http-nio-8080-exec-10" daemon [_thread_blocked, id=15368, stack(0x0000001b28300000,0x0000001b28400000)]
  0x000002119bb1d800 JavaThread "http-nio-8080-Poller" daemon [_thread_in_native, id=15996, stack(0x0000001b28400000,0x0000001b28500000)]
  0x000002119bb18000 JavaThread "http-nio-8080-Acceptor" daemon [_thread_in_native, id=9728, stack(0x0000001b28500000,0x0000001b28600000)]
  0x000002119bb19000 JavaThread "DestroyJavaVM" [_thread_blocked, id=2588, stack(0x0000001b26100000,0x0000001b26200000)]

Other Threads:
  0x00000211ffb6b800 VMThread "VM Thread" [stack: 0x0000001b26700000,0x0000001b26800000] [id=15020]
  0x000002119b227800 WatcherThread [stack: 0x0000001b27000000,0x0000001b27100000] [id=16828]
  0x00000211fc13d000 GCTaskThread "GC Thread#0" [stack: 0x0000001b26200000,0x0000001b26300000] [id=2404]
  0x000002119bb9a000 GCTaskThread "GC Thread#1" [stack: 0x0000001b27200000,0x0000001b27300000] [id=2304]
  0x000002119bb04800 GCTaskThread "GC Thread#2" [stack: 0x0000001b27400000,0x0000001b27500000] [id=14444]
  0x000002119bb05000 GCTaskThread "GC Thread#3" [stack: 0x0000001b27500000,0x0000001b27600000] [id=14224]
  0x00000211fc15a000 ConcurrentGCThread "G1 Main Marker" [stack: 0x0000001b26300000,0x0000001b26400000] [id=14896]
  0x00000211fc15c000 ConcurrentGCThread "G1 Conc#0" [stack: 0x0000001b26400000,0x0000001b26500000] [id=16268]
  0x00000211fc1b5800 ConcurrentGCThread "G1 Refine#0" [stack: 0x0000001b26500000,0x0000001b26600000] [id=6756]
  0x00000211fc1b7800 ConcurrentGCThread "G1 Young RemSet Sampling" [stack: 0x0000001b26600000,0x0000001b26700000] [id=14588]

Threads with active compile tasks:
C2 CompilerThread021714389 4872   !   4       java.util.concurrent.ThreadPoolExecutor::getTask (177 bytes)

VM state:not at safepoint (normal execution)

VM Mutex/Monitor currently owned by a thread: None

Heap address: 0x00000000c1a00000, size: 998 MB, Compressed Oops mode: 32-bit
Narrow klass base: 0x0000000000000000, Narrow klass shift: 3
Compressed class space size: 1073741824 Address: 0x0000000100000000

Heap:
 garbage-first heap   total 78848K, used 24567K [0x00000000c1a00000, 0x0000000100000000)
  region size 1024K, 2 young (2048K), 1 survivors (1024K)
 Metaspace       used 54856K, capacity 56099K, committed 56320K, reserved 1097728K
  class space    used 6640K, capacity 7159K, committed 7168K, reserved 1048576K
Heap Regions: E=young(eden), S=young(survivor), O=old, HS=humongous(starts), HC=humongous(continues), CS=collection set, F=free, A=archive, TAMS=top-at-mark-start (previous, next)
|   0|0x00000000c1a00000, 0x00000000c1b00000, 0x00000000c1b00000|100%|HS|  |TAMS 0x00000000c1b00000, 0x00000000c1a00000| Complete 
|   1|0x00000000c1b00000, 0x00000000c1c00000, 0x00000000c1c00000|100%| O|  |TAMS 0x00000000c1c00000, 0x00000000c1b00000| Untracked 
|   2|0x00000000c1c00000, 0x00000000c1d00000, 0x00000000c1d00000|100%| O|  |TAMS 0x00000000c1d00000, 0x00000000c1c00000| Untracked 
|   3|0x00000000c1d00000, 0x00000000c1e00000, 0x00000000c1e00000|100%| O|  |TAMS 0x00000000c1e00000, 0x00000000c1d00000| Untracked 
|   4|0x00000000c1e00000, 0x00000000c1f00000, 0x00000000c1f00000|100%| O|  |TAMS 0x00000000c1f00000, 0x00000000c1e00000| Untracked 
|   5|0x00000000c1f00000, 0x00000000c2000000, 0x00000000c2000000|100%| O|  |TAMS 0x00000000c2000000, 0x00000000c1f00000| Untracked 
|   6|0x00000000c2000000, 0x00000000c2100000, 0x00000000c2100000|100%| O|  |TAMS 0x00000000c2100000, 0x00000000c2000000| Untracked 
|   7|0x00000000c2100000, 0x00000000c2200000, 0x00000000c2200000|100%| O|  |TAMS 0x00000000c2200000, 0x00000000c2100000| Untracked 
|   8|0x00000000c2200000, 0x00000000c2300000, 0x00000000c2300000|100%| O|  |TAMS 0x00000000c2300000, 0x00000000c2200000| Untracked 
|   9|0x00000000c2300000, 0x00000000c2400000, 0x00000000c2400000|100%| O|  |TAMS 0x00000000c2400000, 0x00000000c2300000| Untracked 
|  10|0x00000000c2400000, 0x00000000c2500000, 0x00000000c2500000|100%| O|  |TAMS 0x00000000c2500000, 0x00000000c2400000| Untracked 
|  11|0x00000000c2500000, 0x00000000c2600000, 0x00000000c2600000|100%| O|  |TAMS 0x00000000c25efc00, 0x00000000c2500000| Untracked 
|  12|0x00000000c2600000, 0x00000000c2700000, 0x00000000c2700000|100%| O|  |TAMS 0x00000000c2600000, 0x00000000c2600000| Untracked 
|  13|0x00000000c2700000, 0x00000000c2800000, 0x00000000c2800000|100%| O|  |TAMS 0x00000000c2700000, 0x00000000c2700000| Untracked 
|  14|0x00000000c2800000, 0x00000000c2900000, 0x00000000c2900000|100%| O|  |TAMS 0x00000000c2800000, 0x00000000c2800000| Untracked 
|  15|0x00000000c2900000, 0x00000000c2a00000, 0x00000000c2a00000|100%| O|  |TAMS 0x00000000c2900000, 0x00000000c2900000| Untracked 
|  16|0x00000000c2a00000, 0x00000000c2b00000, 0x00000000c2b00000|100%| O|  |TAMS 0x00000000c2a00000, 0x00000000c2a00000| Untracked 
|  17|0x00000000c2b00000, 0x00000000c2c00000, 0x00000000c2c00000|100%| O|  |TAMS 0x00000000c2b00000, 0x00000000c2b00000| Untracked 
|  18|0x00000000c2c00000, 0x00000000c2d00000, 0x00000000c2d00000|100%| O|  |TAMS 0x00000000c2c00000, 0x00000000c2c00000| Untracked 
|  19|0x00000000c2d00000, 0x00000000c2e00000, 0x00000000c2e00000|100%| O|  |TAMS 0x00000000c2d00000, 0x00000000c2d00000| Untracked 
|  20|0x00000000c2e00000, 0x00000000c2f00000, 0x00000000c2f00000|100%| O|  |TAMS 0x00000000c2e00000, 0x00000000c2e00000| Untracked 
|  21|0x00000000c2f00000, 0x00000000c3000000, 0x00000000c3000000|100%| O|  |TAMS 0x00000000c2f00000, 0x00000000c2f00000| Untracked 
|  22|0x00000000c3000000, 0x00000000c30fdc00, 0x00000000c3100000| 99%| O|  |TAMS 0x00000000c3000000, 0x00000000c3000000| Untracked 
|  23|0x00000000c3100000, 0x00000000c3100000, 0x00000000c3200000|  0%| F|  |TAMS 0x00000000c3100000, 0x00000000c3100000| Untracked 
|  24|0x00000000c3200000, 0x00000000c3200000, 0x00000000c3300000|  0%| F|  |TAMS 0x00000000c3200000, 0x00000000c3200000| Untracked 
|  25|0x00000000c3300000, 0x00000000c3300000, 0x00000000c3400000|  0%| F|  |TAMS 0x00000000c3300000, 0x00000000c3300000| Untracked 
|  26|0x00000000c3400000, 0x00000000c3400000, 0x00000000c3500000|  0%| F|  |TAMS 0x00000000c3400000, 0x00000000c3400000| Untracked 
|  27|0x00000000c3500000, 0x00000000c3500000, 0x00000000c3600000|  0%| F|  |TAMS 0x00000000c3500000, 0x00000000c3500000| Untracked 
|  28|0x00000000c3600000, 0x00000000c3600000, 0x00000000c3700000|  0%| F|  |TAMS 0x00000000c3600000, 0x00000000c3600000| Untracked 
|  29|0x00000000c3700000, 0x00000000c3700000, 0x00000000c3800000|  0%| F|  |TAMS 0x00000000c3700000, 0x00000000c3700000| Untracked 
|  30|0x00000000c3800000, 0x00000000c3800000, 0x00000000c3900000|  0%| F|  |TAMS 0x00000000c3800000, 0x00000000c3800000| Untracked 
|  31|0x00000000c3900000, 0x00000000c3900000, 0x00000000c3a00000|  0%| F|  |TAMS 0x00000000c3900000, 0x00000000c3900000| Untracked 
|  32|0x00000000c3a00000, 0x00000000c3a00000, 0x00000000c3b00000|  0%| F|  |TAMS 0x00000000c3a00000, 0x00000000c3a00000| Untracked 
|  33|0x00000000c3b00000, 0x00000000c3b00000, 0x00000000c3c00000|  0%| F|  |TAMS 0x00000000c3b00000, 0x00000000c3b00000| Untracked 
|  34|0x00000000c3c00000, 0x00000000c3c00000, 0x00000000c3d00000|  0%| F|  |TAMS 0x00000000c3c00000, 0x00000000c3c00000| Untracked 
|  35|0x00000000c3d00000, 0x00000000c3d00000, 0x00000000c3e00000|  0%| F|  |TAMS 0x00000000c3d00000, 0x00000000c3d00000| Untracked 
|  36|0x00000000c3e00000, 0x00000000c3e00000, 0x00000000c3f00000|  0%| F|  |TAMS 0x00000000c3e00000, 0x00000000c3e00000| Untracked 
|  37|0x00000000c3f00000, 0x00000000c3f00000, 0x00000000c4000000|  0%| F|  |TAMS 0x00000000c3f00000, 0x00000000c3f00000| Untracked 
|  38|0x00000000c4000000, 0x00000000c4000000, 0x00000000c4100000|  0%| F|  |TAMS 0x00000000c4000000, 0x00000000c4000000| Untracked 
|  39|0x00000000c4100000, 0x00000000c4100000, 0x00000000c4200000|  0%| F|  |TAMS 0x00000000c4100000, 0x00000000c4100000| Untracked 
|  40|0x00000000c4200000, 0x00000000c4200000, 0x00000000c4300000|  0%| F|  |TAMS 0x00000000c4200000, 0x00000000c4200000| Untracked 
|  41|0x00000000c4300000, 0x00000000c4300000, 0x00000000c4400000|  0%| F|  |TAMS 0x00000000c4300000, 0x00000000c4300000| Untracked 
|  42|0x00000000c4400000, 0x00000000c4400000, 0x00000000c4500000|  0%| F|  |TAMS 0x00000000c4400000, 0x00000000c4400000| Untracked 
|  43|0x00000000c4500000, 0x00000000c4500000, 0x00000000c4600000|  0%| F|  |TAMS 0x00000000c4500000, 0x00000000c4500000| Untracked 
|  44|0x00000000c4600000, 0x00000000c4600000, 0x00000000c4700000|  0%| F|  |TAMS 0x00000000c4600000, 0x00000000c4600000| Untracked 
|  45|0x00000000c4700000, 0x00000000c4700000, 0x00000000c4800000|  0%| F|  |TAMS 0x00000000c4700000, 0x00000000c4700000| Untracked 
|  46|0x00000000c4800000, 0x00000000c4800000, 0x00000000c4900000|  0%| F|  |TAMS 0x00000000c4800000, 0x00000000c4800000| Untracked 
|  47|0x00000000c4900000, 0x00000000c4900000, 0x00000000c4a00000|  0%| F|  |TAMS 0x00000000c4900000, 0x00000000c4900000| Untracked 
|  48|0x00000000c4a00000, 0x00000000c4a00000, 0x00000000c4b00000|  0%| F|  |TAMS 0x00000000c4a00000, 0x00000000c4a00000| Untracked 
|  49|0x00000000c4b00000, 0x00000000c4b00000, 0x00000000c4c00000|  0%| F|  |TAMS 0x00000000c4b00000, 0x00000000c4b00000| Untracked 
|  50|0x00000000c4c00000, 0x00000000c4c00000, 0x00000000c4d00000|  0%| F|  |TAMS 0x00000000c4c00000, 0x00000000c4c00000| Untracked 
|  51|0x00000000c4d00000, 0x00000000c4d00000, 0x00000000c4e00000|  0%| F|  |TAMS 0x00000000c4d00000, 0x00000000c4d00000| Untracked 
|  52|0x00000000c4e00000, 0x00000000c4e00000, 0x00000000c4f00000|  0%| F|  |TAMS 0x00000000c4e00000, 0x00000000c4e00000| Untracked 
|  53|0x00000000c4f00000, 0x00000000c4f00000, 0x00000000c5000000|  0%| F|  |TAMS 0x00000000c4f00000, 0x00000000c4f00000| Untracked 
|  54|0x00000000c5000000, 0x00000000c5000000, 0x00000000c5100000|  0%| F|  |TAMS 0x00000000c5000000, 0x00000000c5000000| Untracked 
|  55|0x00000000c5100000, 0x00000000c5100000, 0x00000000c5200000|  0%| F|  |TAMS 0x00000000c5100000, 0x00000000c5100000| Untracked 
|  56|0x00000000c5200000, 0x00000000c5200000, 0x00000000c5300000|  0%| F|  |TAMS 0x00000000c5200000, 0x00000000c5200000| Untracked 
|  57|0x00000000c5300000, 0x00000000c5300000, 0x00000000c5400000|  0%| F|  |TAMS 0x00000000c5300000, 0x00000000c5300000| Untracked 
|  58|0x00000000c5400000, 0x00000000c5400000, 0x00000000c5500000|  0%| F|  |TAMS 0x00000000c5400000, 0x00000000c5400000| Untracked 
|  59|0x00000000c5500000, 0x00000000c5500000, 0x00000000c5600000|  0%| F|  |TAMS 0x00000000c5500000, 0x00000000c5500000| Untracked 
|  60|0x00000000c5600000, 0x00000000c5600000, 0x00000000c5700000|  0%| F|  |TAMS 0x00000000c5600000, 0x00000000c5600000| Untracked 
|  61|0x00000000c5700000, 0x00000000c5700000, 0x00000000c5800000|  0%| F|  |TAMS 0x00000000c5700000, 0x00000000c5700000| Untracked 
|  62|0x00000000c5800000, 0x00000000c5800000, 0x00000000c5900000|  0%| F|  |TAMS 0x00000000c5800000, 0x00000000c5800000| Untracked 
|  63|0x00000000c5900000, 0x00000000c5900000, 0x00000000c5a00000|  0%| F|  |TAMS 0x00000000c5900000, 0x00000000c5900000| Untracked 
|  64|0x00000000c5a00000, 0x00000000c5a00000, 0x00000000c5b00000|  0%| F|  |TAMS 0x00000000c5a00000, 0x00000000c5a00000| Untracked 
|  65|0x00000000c5b00000, 0x00000000c5b00000, 0x00000000c5c00000|  0%| F|  |TAMS 0x00000000c5b00000, 0x00000000c5b00000| Untracked 
|  66|0x00000000c5c00000, 0x00000000c5c00000, 0x00000000c5d00000|  0%| F|  |TAMS 0x00000000c5c00000, 0x00000000c5c00000| Untracked 
|  67|0x00000000c5d00000, 0x00000000c5d00000, 0x00000000c5e00000|  0%| F|  |TAMS 0x00000000c5d00000, 0x00000000c5d00000| Untracked 
|  68|0x00000000c5e00000, 0x00000000c5e00000, 0x00000000c5f00000|  0%| F|  |TAMS 0x00000000c5e00000, 0x00000000c5e00000| Untracked 
|  69|0x00000000c5f00000, 0x00000000c5f00000, 0x00000000c6000000|  0%| F|  |TAMS 0x00000000c5f00000, 0x00000000c5f00000| Untracked 
|  70|0x00000000c6000000, 0x00000000c6000000, 0x00000000c6100000|  0%| F|  |TAMS 0x00000000c6000000, 0x00000000c6000000| Untracked 
|  71|0x00000000c6100000, 0x00000000c6100000, 0x00000000c6200000|  0%| F|  |TAMS 0x00000000c6100000, 0x00000000c6100000| Untracked 
|  72|0x00000000c6200000, 0x00000000c6200000, 0x00000000c6300000|  0%| F|  |TAMS 0x00000000c6200000, 0x00000000c6200000| Untracked 
|  73|0x00000000c6300000, 0x00000000c6400000, 0x00000000c6400000|100%| S|CS|TAMS 0x00000000c6300000, 0x00000000c6300000| Complete 
|  74|0x00000000c6400000, 0x00000000c6400000, 0x00000000c6500000|  0%| F|  |TAMS 0x00000000c6400000, 0x00000000c6400000| Untracked 
|  75|0x00000000c6500000, 0x00000000c6500000, 0x00000000c6600000|  0%| F|  |TAMS 0x00000000c6500000, 0x00000000c6500000| Untracked 
|  76|0x00000000c6600000, 0x00000000c6680810, 0x00000000c6700000| 50%| E|  |TAMS 0x00000000c6600000, 0x00000000c6600000| Complete 

Card table byte_map: [0x00000211fe200000,0x00000211fe400000] _byte_map_base: 0x00000211fdbf3000

Marking Bits (Prev, Next): (CMBitMap*) 0x00000211fc155128, (CMBitMap*) 0x00000211fc155160
 Prev Bits: [0x00000211fe600000, 0x00000211ff598000)
 Next Bits: [0x0000021197920000, 0x00000211988b8000)

Polling page: 0x00000211fc1f0000

Metaspace:

Usage:
  Non-class:     47.79 MB capacity,    47.09 MB ( 99%) used,   558.46 KB (  1%) free+waste,   165.06 KB ( <1%) overhead. 
      Class:      6.99 MB capacity,     6.48 MB ( 93%) used,   442.63 KB (  6%) free+waste,    75.94 KB (  1%) overhead. 
       Both:     54.78 MB capacity,    53.57 MB ( 98%) used,  1001.09 KB (  2%) free+waste,   241.00 KB ( <1%) overhead. 

Virtual space:
  Non-class space:       48.00 MB reserved,      48.00 MB (100%) committed 
      Class space:        1.00 GB reserved,       7.00 MB ( <1%) committed 
             Both:        1.05 GB reserved,      55.00 MB (  5%) committed 

Chunk freelists:
   Non-Class:  20.00 KB
       Class:  9.00 KB
        Both:  29.00 KB

MaxMetaspaceSize: 17179869184.00 GB
CompressedClassSpaceSize: 1.00 GB
Initial GC threshold: 20.80 MB
Current GC threshold: 58.75 MB
CDS: off

CodeHeap 'non-profiled nmethods': size=120064Kb used=2679Kb max_used=2679Kb free=117384Kb
 bounds [0x00000211903e0000, 0x0000021190680000, 0x0000021197920000]
CodeHeap 'profiled nmethods': size=120000Kb used=10208Kb max_used=10208Kb free=109791Kb
 bounds [0x0000021188eb0000, 0x00000211898b0000, 0x00000211903e0000]
CodeHeap 'non-nmethods': size=5696Kb used=1250Kb max_used=1286Kb free=4445Kb
 bounds [0x0000021188920000, 0x0000021188b90000, 0x0000021188eb0000]
 total_blobs=5126 nmethods=4600 adapters=438
 compilation: enabled
              stopped_count=0, restarted_count=0
 full_count=0

Compilation events (20 events):
Event: 21639.814 Thread 0x00000211ffc09000 nmethod 4858 0x000002118989ca10 code [0x000002118989cc40, 0x000002118989d468]
Event: 21640.343 Thread 0x00000211ffc02000 4859       4       org.postgresql.PGProperty::get (13 bytes)
Event: 21640.877 Thread 0x00000211ffc02000 nmethod 4859 0x000002119067a090 code [0x000002119067a240, 0x000002119067a308]
Event: 21641.503 Thread 0x00000211ffc09000 4860       3       java.lang.Long::intValue (6 bytes)
Event: 21641.504 Thread 0x00000211ffc09000 nmethod 4860 0x000002118989d710 code [0x000002118989d8c0, 0x000002118989d9b8]
Event: 21643.130 Thread 0x00000211ffc09000 4861       3       java.util.concurrent.FutureTask::done (1 bytes)
Event: 21643.130 Thread 0x00000211ffc09000 nmethod 4861 0x000002118989da90 code [0x000002118989dc40, 0x000002118989dd38]
Event: 21643.181 Thread 0x00000211ffc09000 4862       3       java.util.concurrent.FutureTask::set (30 bytes)
Event: 21643.540 Thread 0x00000211ffc09000 nmethod 4862 0x000002118989de10 code [0x000002118989e0c0, 0x000002118989eca8]
Event: 21643.669 Thread 0x00000211ffc09000 4863       3       sun.security.provider.DigestBase::engineDigest (112 bytes)
Event: 21644.052 Thread 0x00000211ffc09000 nmethod 4863 0x000002118989f090 code [0x000002118989f3a0, 0x00000211898a02f8]
Event: 21644.229 Thread 0x00000211ffc09000 4864       3       org.postgresql.core.Parser::parseSingleQuotes (134 bytes)
Event: 21644.362 Thread 0x00000211ffc09000 nmethod 4864 0x00000211898a0890 code [0x00000211898a0ac0, 0x00000211898a1358]
Event: 21660.735 Thread 0x00000211ffc09000 4865       3       java.util.concurrent.ThreadPoolExecutor::execute (132 bytes)
Event: 21661.740 Thread 0x00000211ffc09000 nmethod 4865 0x00000211898a1610 code [0x00000211898a18c0, 0x00000211898a2568]
Event: 21662.119 Thread 0x00000211ffc09000 4868       3       java.text.DecimalFormat::subparse (864 bytes)
Event: 21662.549 Thread 0x00000211ffc02000 4870       4       org.postgresql.core.Parser::parseJdbcSql (1432 bytes)
Event: 21662.666 Thread 0x00000211ffc09000 nmethod 4868 0x00000211898a2990 code [0x00000211898a2f60, 0x00000211898a68f8]
Event: 21680.057 Thread 0x00000211ffc02000 nmethod 4870 0x000002119067a410 code [0x000002119067a6c0, 0x000002119067c610]
Event: 21705.725 Thread 0x00000211ffc02000 4872   !   4       java.util.concurrent.ThreadPoolExecutor::getTask (177 bytes)

GC Heap History (20 events):
Event: 26.198 GC heap before
{Heap before GC invocations=6 (full 0):
 garbage-first heap   total 65536K, used 36709K [0x00000000c1a00000, 0x0000000100000000)
  region size 1024K, 31 young (31744K), 3 survivors (3072K)
 Metaspace       used 24124K, capacity 24727K, committed 24960K, reserved 1071104K
  class space    used 2695K, capacity 2918K, committed 2944K, reserved 1048576K
}
Event: 26.214 GC heap after
{Heap after GC invocations=7 (full 0):
 garbage-first heap   total 65536K, used 9236K [0x00000000c1a00000, 0x0000000100000000)
  region size 1024K, 2 young (2048K), 2 survivors (2048K)
 Metaspace       used 24124K, capacity 24727K, committed 24960K, reserved 1071104K
  class space    used 2695K, capacity 2918K, committed 2944K, reserved 1048576K
}
Event: 30.112 GC heap before
{Heap before GC invocations=7 (full 0):
 garbage-first heap   total 65536K, used 37908K [0x00000000c1a00000, 0x0000000100000000)
  region size 1024K, 31 young (31744K), 2 survivors (2048K)
 Metaspace       used 26208K, capacity 26884K, committed 27008K, reserved 1073152K
  class space    used 2916K, capacity 3161K, committed 3200K, reserved 1048576K
}
Event: 30.130 GC heap after
{Heap after GC invocations=8 (full 0):
 garbage-first heap   total 65536K, used 9849K [0x00000000c1a00000, 0x0000000100000000)
  region size 1024K, 3 young (3072K), 3 survivors (3072K)
 Metaspace       used 26208K, capacity 26884K, committed 27008K, reserved 1073152K
  class space    used 2916K, capacity 3161K, committed 3200K, reserved 1048576K
}
Event: 38.508 GC heap before
{Heap before GC invocations=8 (full 0):
 garbage-first heap   total 65536K, used 45689K [0x00000000c1a00000, 0x0000000100000000)
  region size 1024K, 38 young (38912K), 3 survivors (3072K)
 Metaspace       used 31608K, capacity 32551K, committed 32768K, reserved 1077248K
  class space    used 3661K, capacity 4010K, committed 4096K, reserved 1048576K
}
Event: 38.574 GC heap after
{Heap after GC invocations=9 (full 0):
 garbage-first heap   total 65536K, used 12254K [0x00000000c1a00000, 0x0000000100000000)
  region size 1024K, 5 young (5120K), 5 survivors (5120K)
 Metaspace       used 31608K, capacity 32551K, committed 32768K, reserved 1077248K
  class space    used 3661K, capacity 4010K, committed 4096K, reserved 1048576K
}
Event: 47.464 GC heap before
{Heap before GC invocations=9 (full 0):
 garbage-first heap   total 65536K, used 45022K [0x00000000c1a00000, 0x0000000100000000)
  region size 1024K, 38 young (38912K), 5 survivors (5120K)
 Metaspace       used 34592K, capacity 35573K, committed 35712K, reserved 1081344K
  class space    used 3985K, capacity 4377K, committed 4480K, reserved 1048576K
}
Event: 47.533 GC heap after
{Heap after GC invocations=10 (full 0):
 garbage-first heap   total 65536K, used 13677K [0x00000000c1a00000, 0x0000000100000000)
  region size 1024K, 4 young (4096K), 4 survivors (4096K)
 Metaspace       used 34592K, capacity 35573K, committed 35712K, reserved 1081344K
  class space    used 3985K, capacity 4377K, committed 4480K, reserved 1048576K
}
Event: 48.245 GC heap before
{Heap before GC invocations=10 (full 0):
 garbage-first heap   total 65536K, used 35181K [0x00000000c1a00000, 0x0000000100000000)
  region size 1024K, 27 young (27648K), 4 survivors (4096K)
 Metaspace       used 34771K, capacity 35701K, committed 35840K, reserved 1081344K
  class space    used 4002K, capacity 4377K, committed 4480K, reserved 1048576K
}
Event: 48.294 GC heap after
{Heap after GC invocations=11 (full 0):
 garbage-first heap   total 78848K, used 14015K [0x00000000c1a00000, 0x0000000100000000)
  region size 1024K, 2 young (2048K), 2 survivors (2048K)
 Metaspace       used 34771K, capacity 35701K, committed 35840K, reserved 1081344K
  class space    used 4002K, capacity 4377K, committed 4480K, reserved 1048576K
}
Event: 67.498 GC heap before
{Heap before GC invocations=12 (full 0):
 garbage-first heap   total 78848K, used 55999K [0x00000000c1a00000, 0x0000000100000000)
  region size 1024K, 44 young (45056K), 2 survivors (2048K)
 Metaspace       used 42297K, capacity 43358K, committed 43648K, reserved 1087488K
  class space    used 5005K, capacity 5413K, committed 5504K, reserved 1048576K
}
Event: 67.524 GC heap after
{Heap after GC invocations=13 (full 0):
 garbage-first heap   total 78848K, used 15975K [0x00000000c1a00000, 0x0000000100000000)
  region size 1024K, 4 young (4096K), 4 survivors (4096K)
 Metaspace       used 42297K, capacity 43358K, committed 43648K, reserved 1087488K
  class space    used 5005K, capacity 5413K, committed 5504K, reserved 1048576K
}
Event: 82.425 GC heap before
{Heap before GC invocations=13 (full 0):
 garbage-first heap   total 78848K, used 58983K [0x00000000c1a00000, 0x0000000100000000)
  region size 1024K, 46 young (47104K), 4 survivors (4096K)
 Metaspace       used 50049K, capacity 51164K, committed 51456K, reserved 1093632K
  class space    used 6138K, capacity 6607K, committed 6656K, reserved 1048576K
}
Event: 82.464 GC heap after
{Heap after GC invocations=14 (full 0):
 garbage-first heap   total 78848K, used 18596K [0x00000000c1a00000, 0x0000000100000000)
  region size 1024K, 5 young (5120K), 5 survivors (5120K)
 Metaspace       used 50049K, capacity 51164K, committed 51456K, reserved 1093632K
  class space    used 6138K, capacity 6607K, committed 6656K, reserved 1048576K
}
Event: 18035.850 GC heap before
{Heap before GC invocations=14 (full 0):
 garbage-first heap   total 78848K, used 60580K [0x00000000c1a00000, 0x0000000100000000)
  region size 1024K, 46 young (47104K), 5 survivors (5120K)
 Metaspace       used 54799K, capacity 56035K, committed 56064K, reserved 1097728K
  class space    used 6639K, capacity 7159K, committed 7168K, reserved 1048576K
}
Event: 18062.304 GC heap after
{Heap after GC invocations=15 (full 0):
 garbage-first heap   total 78848K, used 24081K [0x00000000c1a00000, 0x0000000100000000)
  region size 1024K, 6 young (6144K), 6 survivors (6144K)
 Metaspace       used 54799K, capacity 56035K, committed 56064K, reserved 1097728K
  class space    used 6639K, capacity 7159K, committed 7168K, reserved 1048576K
}
Event: 19035.691 GC heap before
{Heap before GC invocations=15 (full 0):
 garbage-first heap   total 78848K, used 25105K [0x00000000c1a00000, 0x0000000100000000)
  region size 1024K, 7 young (7168K), 6 survivors (6144K)
 Metaspace       used 54803K, capacity 56035K, committed 56064K, reserved 1097728K
  class space    used 6640K, capacity 7159K, committed 7168K, reserved 1048576K
}
Event: 19035.973 GC heap after
{Heap after GC invocations=16 (full 0):
 garbage-first heap   total 78848K, used 23723K [0x00000000c1a00000, 0x0000000100000000)
  region size 1024K, 1 young (1024K), 1 survivors (1024K)
 Metaspace       used 54803K, capacity 56035K, committed 56064K, reserved 1097728K
  class space    used 6640K, capacity 7159K, committed 7168K, reserved 1048576K
}
Event: 21619.741 GC heap before
{Heap before GC invocations=16 (full 0):
 garbage-first heap   total 78848K, used 25771K [0x00000000c1a00000, 0x0000000100000000)
  region size 1024K, 3 young (3072K), 1 survivors (1024K)
 Metaspace       used 54842K, capacity 56099K, committed 56320K, reserved 1097728K
  class space    used 6640K, capacity 7159K, committed 7168K, reserved 1048576K
}
Event: 21624.340 GC heap after
{Heap after GC invocations=17 (full 0):
 garbage-first heap   total 78848K, used 24567K [0x00000000c1a00000, 0x0000000100000000)
  region size 1024K, 1 young (1024K), 1 survivors (1024K)
 Metaspace       used 54842K, capacity 56099K, committed 56320K, reserved 1097728K
  class space    used 6640K, capacity 7159K, committed 7168K, reserved 1048576K
}

Deoptimization events (20 events):
Event: 17490.116 Thread 0x000002119c12e000 Uncommon trap: trap_request=0xffffff4d fr.pc=0x000002119062e0b0 relative=0x0000000000001570
Event: 17490.461 Thread 0x000002119c12e000 Uncommon trap: reason=unstable_if action=reinterpret pc=0x000002119062e0b0 method=java.util.concurrent.ScheduledThreadPoolExecutor$DelayedWorkQueue.take()Ljava/util/concurrent/RunnableScheduledFuture; @ 68 c2
Event: 17490.461 Thread 0x000002119c12e000 DEOPT PACKING pc=0x000002119062e0b0 sp=0x0000001b27bff280
Event: 17493.383 Thread 0x000002119c12e000 DEOPT UNPACKING pc=0x000002118896a1af sp=0x0000001b27bff160 mode 2
Event: 17493.661 Thread 0x000002119c12e000 Uncommon trap: trap_request=0xffffff4d fr.pc=0x0000021190619674 relative=0x0000000000001094
Event: 17494.565 Thread 0x000002119c12e000 Uncommon trap: reason=unstable_if action=reinterpret pc=0x0000021190619674 method=java.util.concurrent.ScheduledThreadPoolExecutor$DelayedWorkQueue.offer(Ljava/lang/Runnable;)Z @ 56 c2
Event: 17494.565 Thread 0x000002119c12e000 DEOPT PACKING pc=0x0000021190619674 sp=0x0000001b27bff210
Event: 17495.031 Thread 0x000002119c12e000 DEOPT UNPACKING pc=0x000002118896a1af sp=0x0000001b27bff120 mode 2
Event: 17499.885 Thread 0x000002119c91f800 Uncommon trap: trap_request=0xffffff4d fr.pc=0x000002119060f14c relative=0x000000000000108c
Event: 17500.865 Thread 0x000002119c91f800 Uncommon trap: reason=unstable_if action=reinterpret pc=0x000002119060f14c method=java.util.concurrent.locks.AbstractQueuedSynchronizer.isOnSyncQueue(Ljava/util/concurrent/locks/AbstractQueuedSynchronizer$Node;)Z @ 13 c2
Event: 17501.194 Thread 0x000002119c91f800 DEOPT PACKING pc=0x000002119060f14c sp=0x0000001b278feac0
Event: 17501.542 Thread 0x000002119c91f800 DEOPT UNPACKING pc=0x000002118896a1af sp=0x0000001b278fea08 mode 2
Event: 17523.666 Thread 0x000002119c12e000 Uncommon trap: trap_request=0xffffff4d fr.pc=0x0000021190630f28 relative=0x0000000000001248
Event: 17523.666 Thread 0x000002119c12e000 Uncommon trap: reason=unstable_if action=reinterpret pc=0x0000021190630f28 method=java.util.concurrent.ScheduledThreadPoolExecutor$DelayedWorkQueue.take()Ljava/util/concurrent/RunnableScheduledFuture; @ 68 c2
Event: 17523.666 Thread 0x000002119c12e000 DEOPT PACKING pc=0x0000021190630f28 sp=0x0000001b27bff1b0
Event: 17523.666 Thread 0x000002119c12e000 DEOPT UNPACKING pc=0x000002118896a1af sp=0x0000001b27bff170 mode 2
Event: 18063.203 Thread 0x000002119b22a800 Uncommon trap: trap_request=0xffffffde fr.pc=0x000002119059806c relative=0x000000000000052c
Event: 18063.203 Thread 0x000002119b22a800 Uncommon trap: reason=class_check action=maybe_recompile pc=0x000002119059806c method=jdk.internal.ref.PhantomCleanable.clean()V @ 12 c2
Event: 18063.357 Thread 0x000002119b22a800 DEOPT PACKING pc=0x000002119059806c sp=0x0000001b271fed90
Event: 18063.387 Thread 0x000002119b22a800 DEOPT UNPACKING pc=0x000002118896a1af sp=0x0000001b271fed70 mode 2

Classes redefined (0 events):
No events

Internal exceptions (20 events):
Event: 79.487 Thread 0x00000211fc122800 Exception <a 'java/lang/ClassNotFoundException'{0x00000000c4c68f20}: org/springframework/beans/factory/AwareCustomizer> (0x00000000c4c68f20) thrown at [./src/hotspot/share/classfile/systemDictionary.cpp, line 237]
Event: 79.490 Thread 0x00000211fc122800 Exception <a 'java/lang/ClassNotFoundException'{0x00000000c4c75540}: org/springframework/context/ApplicationContextAwareCustomizer> (0x00000000c4c75540) thrown at [./src/hotspot/share/classfile/systemDictionary.cpp, line 237]
Event: 79.493 Thread 0x00000211fc122800 Exception <a 'java/lang/ClassNotFoundException'{0x00000000c4c82040}: org/springframework/beans/factory/AwareCustomizer> (0x00000000c4c82040) thrown at [./src/hotspot/share/classfile/systemDictionary.cpp, line 237]
Event: 79.496 Thread 0x00000211fc122800 Exception <a 'java/lang/ClassNotFoundException'{0x00000000c4c8e638}: org/springframework/web/context/ServletContextAwareCustomizer> (0x00000000c4c8e638) thrown at [./src/hotspot/share/classfile/systemDictionary.cpp, line 237]
Event: 79.503 Thread 0x00000211fc122800 Exception <a 'java/lang/ClassNotFoundException'{0x00000000c4c9a9d0}: org/springframework/beans/factory/AwareCustomizer> (0x00000000c4c9a9d0) thrown at [./src/hotspot/share/classfile/systemDictionary.cpp, line 237]
Event: 80.835 Thread 0x00000211fc122800 Exception <a 'java/lang/NoSuchMethodError'{0x00000000c44e3f80}: 'void java.lang.invoke.DirectMethodHandle$Holder.invokeVirtual(java.lang.Object, java.lang.Object, int)'> (0x00000000c44e3f80) thrown at [./src/hotspot/share/interpreter/linkResolver.cpp, line 773]
Event: 80.850 Thread 0x00000211fc122800 Exception <a 'java/lang/NoSuchMethodError'{0x00000000c44fdd78}: 'void java.lang.invoke.DirectMethodHandle$Holder.invokeVirtual(java.lang.Object, java.lang.Object, long)'> (0x00000000c44fdd78) thrown at [./src/hotspot/share/interpreter/linkResolver.cpp, line 773]
Event: 82.313 Thread 0x00000211fc122800 Exception <a 'java/lang/IncompatibleClassChangeError'{0x00000000c3d4e118}: Found class java.lang.Object, but interface was expected> (0x00000000c3d4e118) thrown at [./src/hotspot/share/interpreter/linkResolver.cpp, line 839]
Event: 82.618 Thread 0x00000211fc122800 Exception <a 'java/lang/NoSuchMethodError'{0x00000000c66e9db8}: 'int java.lang.invoke.DirectMethodHandle$Holder.invokeStaticInit(java.lang.Object, java.lang.Object, java.lang.Object, java.lang.Object)'> (0x00000000c66e9db8) thrown at [./src/hotspot/share/interpreter/linkResolver.cpp, line 773]
Event: 83.264 Thread 0x00000211fc122800 Exception <a 'java/lang/NoSuchMethodError'{0x00000000c617b558}: 'java.lang.Object java.lang.invoke.DirectMethodHandle$Holder.invokeSpecial(java.lang.Object, java.lang.Object, int, java.lang.Object, int, java.lang.Object)'> (0x00000000c617b558) thrown at [./src/hotspot/share/interpreter/linkResolver.cpp, line 773]
Event: 83.267 Thread 0x00000211fc122800 Exception <a 'java/lang/NoSuchMethodError'{0x00000000c61c7028}: 'java.lang.Object java.lang.invoke.DirectMethodHandle$Holder.invokeStatic(java.lang.Object, java.lang.Object, int, java.lang.Object, int)'> (0x00000000c61c7028) thrown at [./src/hotspot/share/interpreter/linkResolver.cpp, line 773]
Event: 83.269 Thread 0x00000211fc122800 Exception <a 'java/lang/NoSuchMethodError'{0x00000000c61ca808}: 'java.lang.Object java.lang.invoke.DirectMethodHandle$Holder.invokeSpecial(java.lang.Object, java.lang.Object, java.lang.Object, int, java.lang.Object, int)'> (0x00000000c61ca808) thrown at [./src/hotspot/share/interpreter/linkResolver.cpp, line 773]
Event: 83.276 Thread 0x00000211fc122800 Exception <a 'java/lang/NoSuchMethodError'{0x00000000c61d4f80}: 'void java.lang.invoke.DirectMethodHandle$Holder.invokeVirtual(java.lang.Object, java.lang.Object)'> (0x00000000c61d4f80) thrown at [./src/hotspot/share/interpreter/linkResolver.cpp, line 773]
Event: 5460.748 Thread 0x000002119c91f800 Implicit null exception at 0x0000021190622544 to 0x00000211906227a8
Event: 5461.693 Thread 0x000002119c91f800 Implicit null exception at 0x0000021190622544 to 0x00000211906227a8
Event: 5462.682 Thread 0x000002119c91f800 Implicit null exception at 0x0000021190622544 to 0x00000211906227a8
Event: 5463.695 Thread 0x000002119c91f800 Implicit null exception at 0x0000021190622544 to 0x00000211906227a8
Event: 15844.166 Thread 0x000002119c0f4800 Exception <a 'java/io/IOException'{0x00000000c3f0f210}> (0x00000000c3f0f210) thrown at [./src/hotspot/share/prims/jni.cpp, line 615]
Event: 15848.451 Thread 0x000002119c0f4800 Exception <a 'java/lang/NoClassDefFoundError'{0x00000000c3f51ca0}: sun/reflect/Reflection> (0x00000000c3f51ca0) thrown at [./src/hotspot/share/classfile/systemDictionary.cpp, line 226]
Event: 15849.930 Thread 0x000002119c0f4800 Exception <a 'java/io/IOException'{0x00000000c3f9ad78}> (0x00000000c3f9ad78) thrown at [./src/hotspot/share/prims/jni.cpp, line 615]

Events (20 events):
Event: 21660.725 Thread 0x000002119bb19800 Thread added: 0x000002119bb19800
Event: 21660.726 Thread 0x00000211a0285000 Thread added: 0x00000211a0285000
Event: 21660.726 Executing VM operation: BulkRevokeBias
Event: 21660.737 Executing VM operation: BulkRevokeBias done
Event: 21660.737 Executing VM operation: RevokeBias
Event: 21660.737 Executing VM operation: RevokeBias done
Event: 21660.737 Executing VM operation: RevokeBias
Event: 21660.738 Executing VM operation: RevokeBias done
Event: 21660.738 Executing VM operation: BulkRevokeBias
Event: 21660.740 Executing VM operation: BulkRevokeBias done
Event: 21660.740 Executing VM operation: BulkRevokeBias
Event: 21660.742 Executing VM operation: BulkRevokeBias done
Event: 21660.743 Executing VM operation: BulkRevokeBias
Event: 21661.079 Executing VM operation: BulkRevokeBias done
Event: 21666.085 Executing VM operation: RevokeBias
Event: 21666.729 Executing VM operation: RevokeBias done
Event: 21666.729 Thread 0x000002119bb19800 Thread exited: 0x000002119bb19800
Event: 21667.598 Executing VM operation: RevokeBias
Event: 21669.453 Executing VM operation: RevokeBias done
Event: 21669.454 Thread 0x00000211a0285000 Thread exited: 0x00000211a0285000


Dynamic libraries:
0x00007ff7ff030000 - 0x00007ff7ff03d000 	C:\Program Files\Java\zulu11.50.19-ca-jdk11.0.12-win_x64\bin\java.exe
0x00007ff822e50000 - 0x00007ff823045000 	C:\WINDOWS\SYSTEM32\ntdll.dll
0x00007ff8186e0000 - 0x00007ff8186f5000 	C:\Program Files\AVG\Antivirus\aswhook.dll
0x00007ff821b90000 - 0x00007ff821c4d000 	C:\WINDOWS\System32\KERNEL32.DLL
0x00007ff81fe00000 - 0x00007ff8200c9000 	C:\WINDOWS\System32\KERNELBASE.dll
0x00007ff820240000 - 0x00007ff820340000 	C:\WINDOWS\System32\ucrtbase.dll
0x00007ff818110000 - 0x00007ff818125000 	C:\Program Files\Java\zulu11.50.19-ca-jdk11.0.12-win_x64\bin\VCRUNTIME140.dll
0x00007ff81c890000 - 0x00007ff81c8a7000 	C:\Program Files\Java\zulu11.50.19-ca-jdk11.0.12-win_x64\bin\jli.dll
0x00007ff820c90000 - 0x00007ff820e30000 	C:\WINDOWS\System32\USER32.dll
0x00007ff820110000 - 0x00007ff820132000 	C:\WINDOWS\System32\win32u.dll
0x00007ff822160000 - 0x00007ff82218a000 	C:\WINDOWS\System32\GDI32.dll
0x00007ffff7e00000 - 0x00007ffff809a000 	C:\WINDOWS\WinSxS\amd64_microsoft.windows.common-controls_6595b64144ccf1df_6.0.19041.1110_none_60b5254171f9507e\COMCTL32.dll
0x00007ff820340000 - 0x00007ff82044b000 	C:\WINDOWS\System32\gdi32full.dll
0x00007ff8205f0000 - 0x00007ff82068e000 	C:\WINDOWS\System32\msvcrt.dll
0x00007ff8201a0000 - 0x00007ff82023d000 	C:\WINDOWS\System32\msvcp_win.dll
0x00007ff822630000 - 0x00007ff822660000 	C:\WINDOWS\System32\IMM32.DLL
0x00007ffff4dd0000 - 0x00007ffff4e6b000 	C:\Program Files\Java\zulu11.50.19-ca-jdk11.0.12-win_x64\bin\msvcp140.dll
0x00007fffcaed0000 - 0x00007fffcba34000 	C:\Program Files\Java\zulu11.50.19-ca-jdk11.0.12-win_x64\bin\server\jvm.dll
0x00007ff822880000 - 0x00007ff82292c000 	C:\WINDOWS\System32\ADVAPI32.dll
0x00007ff8220c0000 - 0x00007ff82215b000 	C:\WINDOWS\System32\sechost.dll
0x00007ff820a20000 - 0x00007ff820b4a000 	C:\WINDOWS\System32\RPCRT4.dll
0x00007ff821cb0000 - 0x00007ff821cb8000 	C:\WINDOWS\System32\PSAPI.DLL
0x00007ff8117e0000 - 0x00007ff811807000 	C:\WINDOWS\SYSTEM32\WINMM.dll
0x00007ff813d00000 - 0x00007ff813d0a000 	C:\WINDOWS\SYSTEM32\VERSION.dll
0x00007ff80fb30000 - 0x00007ff80fb39000 	C:\WINDOWS\SYSTEM32\WSOCK32.dll
0x00007ff822810000 - 0x00007ff82287b000 	C:\WINDOWS\System32\WS2_32.dll
0x00007ff81da80000 - 0x00007ff81da92000 	C:\WINDOWS\SYSTEM32\kernel.appcore.dll
0x00007ff81ace0000 - 0x00007ff81acf0000 	C:\Program Files\Java\zulu11.50.19-ca-jdk11.0.12-win_x64\bin\verify.dll
0x00007ff813670000 - 0x00007ff813854000 	C:\WINDOWS\SYSTEM32\DBGHELP.DLL
0x00007ff813440000 - 0x00007ff81346c000 	C:\WINDOWS\SYSTEM32\dbgcore.DLL
0x00007ff820480000 - 0x00007ff820503000 	C:\WINDOWS\System32\bcryptPrimitives.dll
0x00007ff817db0000 - 0x00007ff817dd8000 	C:\Program Files\Java\zulu11.50.19-ca-jdk11.0.12-win_x64\bin\java.dll
0x00007ff81a6e0000 - 0x00007ff81a6ea000 	C:\Program Files\Java\zulu11.50.19-ca-jdk11.0.12-win_x64\bin\jimage.dll
0x00007ff817d90000 - 0x00007ff817da7000 	C:\Program Files\Java\zulu11.50.19-ca-jdk11.0.12-win_x64\bin\zip.dll
0x00007ff8213f0000 - 0x00007ff821b2f000 	C:\WINDOWS\System32\SHELL32.dll
0x00007ff81dc80000 - 0x00007ff81e410000 	C:\WINDOWS\SYSTEM32\windows.storage.dll
0x00007ff8222d0000 - 0x00007ff822625000 	C:\WINDOWS\System32\combase.dll
0x00007ff81f450000 - 0x00007ff81f47c000 	C:\WINDOWS\SYSTEM32\Wldp.dll
0x00007ff820be0000 - 0x00007ff820c8e000 	C:\WINDOWS\System32\SHCORE.dll
0x00007ff820b60000 - 0x00007ff820bb5000 	C:\WINDOWS\System32\shlwapi.dll
0x00007ff81fae0000 - 0x00007ff81faff000 	C:\WINDOWS\SYSTEM32\profapi.dll
0x00007ff815a00000 - 0x00007ff815a19000 	C:\Program Files\Java\zulu11.50.19-ca-jdk11.0.12-win_x64\bin\net.dll
0x00007ff810c40000 - 0x00007ff810d48000 	C:\WINDOWS\SYSTEM32\WINHTTP.dll
0x00007ff81f230000 - 0x00007ff81f29a000 	C:\WINDOWS\system32\mswsock.dll
0x00007ff813ad0000 - 0x00007ff813ae2000 	C:\Program Files\Java\zulu11.50.19-ca-jdk11.0.12-win_x64\bin\nio.dll
0x00007ff818100000 - 0x00007ff818109000 	C:\Program Files\Java\zulu11.50.19-ca-jdk11.0.12-win_x64\bin\management.dll
0x00007ff817d80000 - 0x00007ff817d8b000 	C:\Program Files\Java\zulu11.50.19-ca-jdk11.0.12-win_x64\bin\management_ext.dll
0x00007ff819fc0000 - 0x00007ff819fd7000 	C:\WINDOWS\system32\napinsp.dll
0x00007ff8197b0000 - 0x00007ff8197cb000 	C:\WINDOWS\system32\pnrpnsp.dll
0x00007ff81a600000 - 0x00007ff81a615000 	C:\WINDOWS\system32\wshbth.dll
0x00007ff817a70000 - 0x00007ff817a8d000 	C:\WINDOWS\system32\NLAapi.dll
0x00007ff81ef50000 - 0x00007ff81ef8b000 	C:\WINDOWS\SYSTEM32\IPHLPAPI.DLL
0x00007ff81ef90000 - 0x00007ff81f05c000 	C:\WINDOWS\SYSTEM32\DNSAPI.dll
0x00007ff820b50000 - 0x00007ff820b58000 	C:\WINDOWS\System32\NSI.dll
0x00007ff80cd00000 - 0x00007ff80cd12000 	C:\WINDOWS\System32\winrnr.dll
0x00007ff8109d0000 - 0x00007ff8109da000 	C:\Windows\System32\rasadhlp.dll
0x00007ff8109f0000 - 0x00007ff810a6f000 	C:\WINDOWS\System32\fwpuclnt.dll
0x00007ff8200e0000 - 0x00007ff820107000 	C:\WINDOWS\System32\bcrypt.dll
0x00007ff81f7b0000 - 0x00007ff81f7c8000 	C:\WINDOWS\SYSTEM32\CRYPTSP.dll
0x00007ff81ebe0000 - 0x00007ff81ec14000 	C:\WINDOWS\system32\rsaenh.dll
0x00007ff81fa60000 - 0x00007ff81fa8e000 	C:\WINDOWS\SYSTEM32\USERENV.dll
0x00007ff81f3c0000 - 0x00007ff81f3cc000 	C:\WINDOWS\SYSTEM32\CRYPTBASE.dll
0x00007ff813650000 - 0x00007ff813667000 	C:\WINDOWS\SYSTEM32\dhcpcsvc6.DLL
0x00007ff8148f0000 - 0x00007ff81490d000 	C:\WINDOWS\SYSTEM32\dhcpcsvc.DLL

dbghelp: loaded successfully - version: 4.0.5 - missing functions: none
symbol engine: initialized successfully - sym options: 0x614 - pdb path: .;C:\Program Files\Java\zulu11.50.19-ca-jdk11.0.12-win_x64\bin;C:\WINDOWS\SYSTEM32;C:\Program Files\AVG\Antivirus;C:\WINDOWS\WinSxS\amd64_microsoft.windows.common-controls_6595b64144ccf1df_6.0.19041.1110_none_60b5254171f9507e;C:\Program Files\Java\zulu11.50.19-ca-jdk11.0.12-win_x64\bin\server

VM Arguments:
jvm_args: -Dfile.encoding=windows-1252 -Duser.country=BR -Duser.language=pt -Duser.variant 
java_command: com.github.marianabarretto.citiesapi.CitiesApiApplication
java_class_path (initial): C:\Users\Mariana Barretto\Desktop\cities-api\build\classes\java\main;C:\Users\Mariana Barretto\Desktop\cities-api\build\resources\main;C:\Users\Mariana Barretto\.gradle\caches\modules-2\files-2.1\org.springframework.boot\spring-boot-starter-data-jpa\2.5.3\6e57512b8907710566daf2b246c724de3e38ad14\spring-boot-starter-data-jpa-2.5.3.jar;C:\Users\Mariana Barretto\.gradle\caches\modules-2\files-2.1\org.springframework.boot\spring-boot-starter-web\2.5.3\2cb23f2928177eeb9be81036623f4350a86a433\spring-boot-starter-web-2.5.3.jar;C:\Users\Mariana Barretto\.gradle\caches\modules-2\files-2.1\org.postgresql\postgresql\42.2.23\9cb217a3d5b640567ed7c6e8c11f389613c81c4d\postgresql-42.2.23.jar;C:\Users\Mariana Barretto\.gradle\caches\modules-2\files-2.1\org.springframework.boot\spring-boot-starter-aop\2.5.3\45a790c9abe248865e0ad2d1f8622d55877eb4f7\spring-boot-starter-aop-2.5.3.jar;C:\Users\Mariana Barretto\.gradle\caches\modules-2\files-2.1\org.springframework.boot\spring-boot-starter-jdbc\2.5.3\ffc2a4b05d901775e5a96cc73450a1d072baecfa\spring-boot-starter-jdbc-2.5.3.jar;C:\Users\Mariana Barretto\.gradle\caches\modules-2\files-2.1\jakarta.transaction\jakarta.transaction-api\1.3.3\c4179d48720a1e87202115fbed6089bdc4195405\jakarta.transaction-api-1.3.3.jar;C:\Users\Mariana Barretto\.gradle\caches\modules-2\files-2.1\jakarta.persistence\jakarta.persistence-api\2.2.3\8f6ea5daedc614f07a3654a455660145286f024e\jakarta.persistence-api-2.2.3.jar;C:\Users\Mariana Barretto\.gradle\caches\modules-2\files-2.1\org.hibernate\hibernate-core\5.4.32.Final\99a5e10bf455337014c190e141ec631e9ff71663\hibernate-core-5.4.32.Final.jar;C:\Users\Mariana Barretto\.gradle\caches\modules-2\files-2.1\org.springframework.data\spring-data-jpa\2.5.3\41db71033651f476fbc62a485387a4e891ec9940\spring-data-jpa-2.5.3.jar;C:\Users\Mariana Barretto\.gradle\caches\modules-2\files-2.1\org.springframework\spring-aspects\5.3.9\ee2c3f8f99e1f115f502a7e47e632b1ed229e766\spring-aspects-5.3.9.jar;C:\Users\Ma
Launcher Type: SUN_STANDARD

[Global flags]
     intx CICompilerCount                          = 3                                         {product} {ergonomic}
     uint ConcGCThreads                            = 1                                         {product} {ergonomic}
     uint G1ConcRefinementThreads                  = 4                                         {product} {ergonomic}
   size_t G1HeapRegionSize                         = 1048576                                   {product} {ergonomic}
    uintx GCDrainStackTargetSize                   = 64                                        {product} {ergonomic}
   size_t InitialHeapSize                          = 67108864                                  {product} {ergonomic}
   size_t MarkStackSize                            = 4194304                                   {product} {ergonomic}
   size_t MaxHeapSize                              = 1046478848                                {product} {ergonomic}
   size_t MaxNewSize                               = 627048448                                 {product} {ergonomic}
   size_t MinHeapDeltaBytes                        = 1048576                                   {product} {ergonomic}
    uintx NonNMethodCodeHeapSize                   = 5830732                                {pd product} {ergonomic}
    uintx NonProfiledCodeHeapSize                  = 122913754                              {pd product} {ergonomic}
    uintx ProfiledCodeHeapSize                     = 122913754                              {pd product} {ergonomic}
    uintx ReservedCodeCacheSize                    = 251658240                              {pd product} {ergonomic}
     bool SegmentedCodeCache                       = true                                      {product} {ergonomic}
     bool UseCompressedClassPointers               = true                                 {lp64_product} {ergonomic}
     bool UseCompressedOops                        = true                                 {lp64_product} {ergonomic}
     bool UseG1GC                                  = true                                      {product} {ergonomic}
     bool UseLargePagesIndividualAllocation        = false                                  {pd product} {ergonomic}

Logging:
Log output configuration:
 #0: stdout all=warning uptime,level,tags
 #1: stderr all=off uptime,level,tags

Environment Variables:
JAVA_HOME=C:\Program Files\Java\zulu11.50.19-ca-jdk11.0.12-win_x64
CLASSPATH=.;C:\Program Files\Java\zulu11.50.19-ca-jdk11.0.12-win_x64\lib;C:\Program Files\Java\zulu11.50.19-ca-jdk11.0.12-win_x64\lib\tools.jar;C:\Program Files\Java\zulu11.50.19-ca-jdk11.0.12-win_x64\lib\dt.jar;C:\Program Files\Java\zulu11.50.19-ca-jdk11.0.12-win_x64\lib\htmlconverter.jar;C:\Program Files\Java\zulu11.50.19-ca-jdk11.0.12-win_x64\jre\lib;C:\Program Files\Java\zulu11.50.19-ca-jdk11.0.12-win_x64\jre\lib\rt.jar
PATH=C:\Program Files\Java\zulu11.50.19-ca-jdk11.0.12-win_x64\bin;C:\ProgramData\Oracle\Java\javapath;C:\Program Files\Common Files\Microsoft Shared\Windows Live;C:\Program Files (x86)\Common Files\Microsoft Shared\Windows Live;C:\WINDOWS\system32;C:\WINDOWS;C:\WINDOWS\System32\Wbem;C:\WINDOWS\System32\WindowsPowerShell\v1.0\;C:\Program Files (x86)\Windows Live\Shared;C:\Program Files (x86)\Common Files\Roxio Shared\DLLShared\;C:\Program Files (x86)\Common Files\Roxio Shared\OEM\DLLShared\;C:\Program Files (x86)\Common Files\Roxio Shared\OEM\12.0\DLLShared\;C:\Program Files (x86)\Roxio\OEM\AudioCore\;C:\Program Files\Java\zulu11.50.19-ca-jdk11.0.12-win_x64\bin;C:\Program Files\Git\cmd;C:\WINDOWS\System32\OpenSSH\;C:\ProgramData\UNIVALI\Portugol Studio;C:\Program Files\Microsoft SQL Server\Client SDK\ODBC\170\Tools\Binn\;C:\Program Files (x86)\Microsoft SQL Server\150\Tools\Binn\;C:\Program Files\Microsoft SQL Server\150\Tools\Binn\;C:\Program Files\Microsoft SQL Server\150\DTS\Binn\;C:\Program Files (x86)\Microsoft SQL Server\150\DTS\Binn\;C:\Program Files\Gradle\gradle-7.1.1\bin;C:\Program Files\Gradle\gradle-7.1.1\bin;C:\Program Files\Maven\apache-maven-3.8.1\bin;C:\Program Files\Maven\apache-maven-3.8.1\bin;C:\Program Files\Docker\Docker\resources\bin;C:\ProgramData\DockerDesktop\version-bin;C:\Users\Mariana Barretto\AppData\Local\Microsoft\WindowsApps;
USERNAME=Mariana Barretto
OS=Windows_NT
PROCESSOR_IDENTIFIER=Intel64 Family 6 Model 42 Stepping 7, GenuineIntel



---------------  S Y S T E M  ---------------

OS: Windows 10 , 64 bit Build 19041 (10.0.19041.1151)
OS uptime: 1 days 2:31 hours
Hyper-V role detected

CPU:total 4 (initial active 4) (2 cores per cpu, 2 threads per core) family 6 model 42 stepping 7 microcode 0x2f, cmov, cx8, fxsr, mmx, sse, sse2, sse3, ssse3, sse4.1, sse4.2, popcnt, avx, aes, clmul, ht, tsc, tscinvbit

Memory: 4k page, system-wide physical 3990M (365M free)
TotalPageFile size 16278M (AvailPageFile size 54M)
current process WorkingSet (physical memory assigned to process): 47M, peak: 210M
current process commit charge ("private bytes"): 239M, peak: 251M

vm_info: OpenJDK 64-Bit Server VM (11.0.12+7-LTS) for windows-amd64 JRE (Zulu11.50+19-CA) (11.0.12+7-LTS), built on Jul 12 2021 10:57:42 by "zulu_re" with MS VC++ 15.9 (VS2017)

END.
